app/build/intermediates/manifest_merge_blame_file/release/processReleaseMainManifest/manifest-merger-blame-release-report.txt
1<?xml version="1.0" encoding="utf-8"?>
2<manifest xmlns:android="http://schemas.android.com/apk/res/android"
3    package="com.mikamentos.app"
4    android:versionCode="1"
5    android:versionName="1.0.0" >
6
7    <uses-sdk
8        android:minSdkVersion="26"
9        android:targetSdkVersion="35" />
10
11    <uses-permission android:name="android.permission.INTERNET" />
11-->src\main\AndroidManifest.xml:5:5-67
11-->src\main\AndroidManifest.xml:5:22-64
12    <uses-permission android:name="android.permission.SCHEDULE_EXACT_ALARM" />
12-->src\main\AndroidManifest.xml:6:5-79
12-->src\main\AndroidManifest.xml:6:22-76
13    <uses-permission android:name="android.permission.RECEIVE_BOOT_COMPLETED" />
13-->src\main\AndroidManifest.xml:7:5-81
13-->src\main\AndroidManifest.xml:7:22-78
14    <uses-permission android:name="android.permission.WAKE_LOCK" />
14-->src\main\AndroidManifest.xml:8:5-68
14-->src\main\AndroidManifest.xml:8:22-65
15    <uses-permission android:name="android.permission.POST_NOTIFICATIONS" />
15-->src\main\AndroidManifest.xml:9:5-77
15-->src\main\AndroidManifest.xml:9:22-74
16    <uses-permission android:name="android.permission.FOREGROUND_SERVICE" />
16-->src\main\AndroidManifest.xml:10:5-77
16-->src\main\AndroidManifest.xml:10:22-74
17    <uses-permission android:name="android.permission.FOREGROUND_SERVICE_SPECIAL_USE" />
17-->src\main\AndroidManifest.xml:11:5-89
17-->src\main\AndroidManifest.xml:11:22-86
18    <uses-permission android:name="android.permission.VIBRATE" />
18-->src\main\AndroidManifest.xml:12:5-66
18-->src\main\AndroidManifest.xml:12:22-63
19    <uses-permission android:name="android.permission.RECORD_AUDIO" />
19-->src\main\AndroidManifest.xml:13:5-71
19-->src\main\AndroidManifest.xml:13:22-68
20    <uses-permission android:name="android.permission.REQUEST_IGNORE_BATTERY_OPTIMIZATIONS" />
20-->src\main\AndroidManifest.xml:14:5-95
20-->src\main\AndroidManifest.xml:14:22-92
21    <uses-permission android:name="android.permission.USE_FULL_SCREEN_INTENT" />
21-->src\main\AndroidManifest.xml:15:5-81
21-->src\main\AndroidManifest.xml:15:22-78
22
23    <permission
23-->[androidx.core:core:1.15.0] AndroidManifest.xml:22:5-24:47
24        android:name="com.mikamentos.app.DYNAMIC_RECEIVER_NOT_EXPORTED_PERMISSION"
24-->[androidx.core:core:1.15.0] AndroidManifest.xml:23:9-81
25        android:protectionLevel="signature" />
25-->[androidx.core:core:1.15.0] AndroidManifest.xml:24:9-44
26
27    <uses-permission android:name="com.mikamentos.app.DYNAMIC_RECEIVER_NOT_EXPORTED_PERMISSION" />
27-->[androidx.core:core:1.15.0] AndroidManifest.xml:26:5-97
27-->[androidx.core:core:1.15.0] AndroidManifest.xml:26:22-94
28
29    <application
29-->src\main\AndroidManifest.xml:17:5-85:19
30        android:name="com.mikamentos.app.MikamentosApp"
30-->src\main\AndroidManifest.xml:18:9-38
31        android:allowBackup="true"
31-->src\main\AndroidManifest.xml:19:9-35
32        android:appComponentFactory="androidx.core.app.CoreComponentFactory"
32-->[androidx.core:core:1.15.0] AndroidManifest.xml:28:18-86
33        android:dataExtractionRules="@xml/data_extraction_rules"
33-->src\main\AndroidManifest.xml:20:9-65
34        android:extractNativeLibs="false"
35        android:fullBackupContent="@xml/backup_rules"
35-->src\main\AndroidManifest.xml:21:9-54
36        android:icon="@mipmap/ic_launcher"
36-->src\main\AndroidManifest.xml:22:9-43
37        android:label="@string/app_name"
37-->src\main\AndroidManifest.xml:23:9-41
38        android:roundIcon="@mipmap/ic_launcher_round"
38-->src\main\AndroidManifest.xml:24:9-54
39        android:supportsRtl="true"
39-->src\main\AndroidManifest.xml:25:9-35
40        android:theme="@style/Theme.Mikamentos" >
40-->src\main\AndroidManifest.xml:26:9-48
41        <activity
41-->src\main\AndroidManifest.xml:29:9-43:20
42            android:name="com.mikamentos.app.MainActivity"
42-->src\main\AndroidManifest.xml:30:13-41
43            android:exported="true"
43-->src\main\AndroidManifest.xml:31:13-36
44            android:theme="@style/Theme.Mikamentos"
44-->src\main\AndroidManifest.xml:33:13-52
45            android:windowSoftInputMode="adjustResize" >
45-->src\main\AndroidManifest.xml:32:13-55
46            <intent-filter>
46-->src\main\AndroidManifest.xml:34:13-37:29
47                <action android:name="android.intent.action.MAIN" />
47-->src\main\AndroidManifest.xml:35:17-69
47-->src\main\AndroidManifest.xml:35:25-66
48
49                <category android:name="android.intent.category.LAUNCHER" />
49-->src\main\AndroidManifest.xml:36:17-77
49-->src\main\AndroidManifest.xml:36:27-74
50            </intent-filter>
51            <intent-filter>
51-->src\main\AndroidManifest.xml:38:13-42:29
52                <action android:name="android.intent.action.SEND" />
52-->src\main\AndroidManifest.xml:39:17-69
52-->src\main\AndroidManifest.xml:39:25-66
53
54                <category android:name="android.intent.category.DEFAULT" />
54-->src\main\AndroidManifest.xml:40:17-76
54-->src\main\AndroidManifest.xml:40:27-73
55
56                <data android:mimeType="text/plain" />
56-->src\main\AndroidManifest.xml:41:17-55
56-->src\main\AndroidManifest.xml:41:23-52
57            </intent-filter>
58        </activity>
59        <activity
59-->src\main\AndroidManifest.xml:45:9-50:55
60            android:name="com.mikamentos.app.ui.alarm.AlarmActivity"
60-->src\main\AndroidManifest.xml:46:13-51
61            android:exported="false"
61-->src\main\AndroidManifest.xml:47:13-37
62            android:showWhenLocked="true"
62-->src\main\AndroidManifest.xml:48:13-42
63            android:theme="@style/Theme.Mikamentos"
63-->src\main\AndroidManifest.xml:50:13-52
64            android:turnScreenOn="true" />
64-->src\main\AndroidManifest.xml:49:13-40
65
66        <receiver
66-->src\main\AndroidManifest.xml:52:9-60:20
67            android:name="com.mikamentos.app.service.BootReceiver"
67-->src\main\AndroidManifest.xml:53:13-49
68            android:enabled="true"
68-->src\main\AndroidManifest.xml:54:13-35
69            android:exported="true" >
69-->src\main\AndroidManifest.xml:55:13-36
70            <intent-filter>
70-->src\main\AndroidManifest.xml:56:13-59:29
71                <action android:name="android.intent.action.BOOT_COMPLETED" />
71-->src\main\AndroidManifest.xml:57:17-79
71-->src\main\AndroidManifest.xml:57:25-76
72                <action android:name="android.intent.action.MY_PACKAGE_REPLACED" />
72-->src\main\AndroidManifest.xml:58:17-84
72-->src\main\AndroidManifest.xml:58:25-81
73            </intent-filter>
74        </receiver>
75        <receiver
75-->src\main\AndroidManifest.xml:62:9-64:40
76            android:name="com.mikamentos.app.service.AlarmReceiver"
76-->src\main\AndroidManifest.xml:63:13-50
77            android:exported="false" />
77-->src\main\AndroidManifest.xml:64:13-37
78
79        <provider
80            android:name="androidx.core.content.FileProvider"
80-->src\main\AndroidManifest.xml:67:13-62
81            android:authorities="com.mikamentos.app.fileprovider"
81-->src\main\AndroidManifest.xml:68:13-64
82            android:exported="false"
82-->src\main\AndroidManifest.xml:69:13-37
83            android:grantUriPermissions="true" >
83-->src\main\AndroidManifest.xml:70:13-47
84            <meta-data
84-->src\main\AndroidManifest.xml:71:13-73:54
85                android:name="android.support.FILE_PROVIDER_PATHS"
85-->src\main\AndroidManifest.xml:72:17-67
86                android:resource="@xml/file_paths" />
86-->src\main\AndroidManifest.xml:73:17-51
87        </provider>
88
89        <service
89-->src\main\AndroidManifest.xml:76:9-83:19
90            android:name="com.mikamentos.app.service.AlarmService"
90-->src\main\AndroidManifest.xml:77:13-49
91            android:exported="false"
91-->src\main\AndroidManifest.xml:78:13-37
92            android:foregroundServiceType="specialUse" >
92-->src\main\AndroidManifest.xml:79:13-55
93            <property
93-->src\main\AndroidManifest.xml:80:13-82:85
94                android:name="android.app.PROPERTY_SPECIAL_USE_FGS_SUBTYPE"
94-->src\main\AndroidManifest.xml:81:17-76
95                android:value="Alarma de medicamentos con tono y lectura por voz" />
95-->src\main\AndroidManifest.xml:82:17-82
96        </service>
97
98        <provider
98-->[androidx.emoji2:emoji2:1.3.0] AndroidManifest.xml:24:9-32:20
99            android:name="androidx.startup.InitializationProvider"
99-->[androidx.emoji2:emoji2:1.3.0] AndroidManifest.xml:25:13-67
100            android:authorities="com.mikamentos.app.androidx-startup"
100-->[androidx.emoji2:emoji2:1.3.0] AndroidManifest.xml:26:13-68
101            android:exported="false" >
101-->[androidx.emoji2:emoji2:1.3.0] AndroidManifest.xml:27:13-37
102            <meta-data
102-->[androidx.emoji2:emoji2:1.3.0] AndroidManifest.xml:29:13-31:52
103                android:name="androidx.emoji2.text.EmojiCompatInitializer"
103-->[androidx.emoji2:emoji2:1.3.0] AndroidManifest.xml:30:17-75
104                android:value="androidx.startup" />
104-->[androidx.emoji2:emoji2:1.3.0] AndroidManifest.xml:31:17-49
105            <meta-data
105-->[androidx.lifecycle:lifecycle-process:2.8.7] AndroidManifest.xml:29:13-31:52
106                android:name="androidx.lifecycle.ProcessLifecycleInitializer"
106-->[androidx.lifecycle:lifecycle-process:2.8.7] AndroidManifest.xml:30:17-78
107                android:value="androidx.startup" />
107-->[androidx.lifecycle:lifecycle-process:2.8.7] AndroidManifest.xml:31:17-49
108            <meta-data
108-->[androidx.profileinstaller:profileinstaller:1.3.1] AndroidManifest.xml:29:13-31:52
109                android:name="androidx.profileinstaller.ProfileInstallerInitializer"
109-->[androidx.profileinstaller:profileinstaller:1.3.1] AndroidManifest.xml:30:17-85
110                android:value="androidx.startup" />
110-->[androidx.profileinstaller:profileinstaller:1.3.1] AndroidManifest.xml:31:17-49
111        </provider>
112
113        <receiver
113-->[androidx.profileinstaller:profileinstaller:1.3.1] AndroidManifest.xml:34:9-52:20
114            android:name="androidx.profileinstaller.ProfileInstallReceiver"
114-->[androidx.profileinstaller:profileinstaller:1.3.1] AndroidManifest.xml:35:13-76
115            android:directBootAware="false"
115-->[androidx.profileinstaller:profileinstaller:1.3.1] AndroidManifest.xml:36:13-44
116            android:enabled="true"
116-->[androidx.profileinstaller:profileinstaller:1.3.1] AndroidManifest.xml:37:13-35
117            android:exported="true"
117-->[androidx.profileinstaller:profileinstaller:1.3.1] AndroidManifest.xml:38:13-36
118            android:permission="android.permission.DUMP" >
118-->[androidx.profileinstaller:profileinstaller:1.3.1] AndroidManifest.xml:39:13-57
119            <intent-filter>
119-->[androidx.profileinstaller:profileinstaller:1.3.1] AndroidManifest.xml:40:13-42:29
120                <action android:name="androidx.profileinstaller.action.INSTALL_PROFILE" />
120-->[androidx.profileinstaller:profileinstaller:1.3.1] AndroidManifest.xml:41:17-91
120-->[androidx.profileinstaller:profileinstaller:1.3.1] AndroidManifest.xml:41:25-88
121            </intent-filter>
122            <intent-filter>
122-->[androidx.profileinstaller:profileinstaller:1.3.1] AndroidManifest.xml:43:13-45:29
123                <action android:name="androidx.profileinstaller.action.SKIP_FILE" />
123-->[androidx.profileinstaller:profileinstaller:1.3.1] AndroidManifest.xml:44:17-85
123-->[androidx.profileinstaller:profileinstaller:1.3.1] AndroidManifest.xml:44:25-82
124            </intent-filter>
125            <intent-filter>
125-->[androidx.profileinstaller:profileinstaller:1.3.1] AndroidManifest.xml:46:13-48:29
126                <action android:name="androidx.profileinstaller.action.SAVE_PROFILE" />
126-->[androidx.profileinstaller:profileinstaller:1.3.1] AndroidManifest.xml:47:17-88
126-->[androidx.profileinstaller:profileinstaller:1.3.1] AndroidManifest.xml:47:25-85
127            </intent-filter>
128            <intent-filter>
128-->[androidx.profileinstaller:profileinstaller:1.3.1] AndroidManifest.xml:49:13-51:29
129                <action android:name="androidx.profileinstaller.action.BENCHMARK_OPERATION" />
129-->[androidx.profileinstaller:profileinstaller:1.3.1] AndroidManifest.xml:50:17-95
129-->[androidx.profileinstaller:profileinstaller:1.3.1] AndroidManifest.xml:50:25-92
130            </intent-filter>
131        </receiver>
132    </application>
133
134</manifest>